Started GET "/" for ::1 at 2024-12-31 13:36:41 -0300
  [1m[36mActiveRecord::SchemaMigration Load (1.2ms)[0m  [1m[34mSELECT "schema_migrations"."version" FROM "schema_migrations" ORDER BY "schema_migrations"."version" ASC[0m
Processing by PostsController#index as HTML
  Rendering layout layouts/application.html.erb
  Rendering posts/index.html.erb within layouts/application
  [1m[36mPost Exists? (3.9ms)[0m  [1m[34mSELECT 1 AS one FROM "posts" LIMIT $1 OFFSET $2[0m  [["LIMIT", 1], ["OFFSET", 0]]
  ↳ app/views/posts/index.html.erb:39
  [1m[36mPost Load (1.9ms)[0m  [1m[34mSELECT "posts".* FROM "posts" ORDER BY "posts"."created_at" DESC LIMIT $1 OFFSET $2[0m  [["LIMIT", 3], ["OFFSET", 0]]
  ↳ app/views/posts/index.html.erb:48
  [1m[36mUser Load (3.5ms)[0m  [1m[34mSELECT "users".* FROM "users" WHERE "users"."id" = $1 LIMIT $2[0m  [["id", 1], ["LIMIT", 1]]
  ↳ app/views/posts/_post.html.erb:12
  [1m[36mTag Exists? (11.2ms)[0m  [1m[34mSELECT 1 AS one FROM "tags" INNER JOIN "posts_tags" ON "tags"."id" = "posts_tags"."tag_id" WHERE "posts_tags"."post_id" = $1 LIMIT $2[0m  [["post_id", 9], ["LIMIT", 1]]
  ↳ app/views/posts/_post.html.erb:28
  [1m[36mTag Load (0.2ms)[0m  [1m[34mSELECT "tags".* FROM "tags" INNER JOIN "posts_tags" ON "tags"."id" = "posts_tags"."tag_id" WHERE "posts_tags"."post_id" = $1[0m  [["post_id", 9]]
  ↳ app/views/posts/_post.html.erb:32
  [1m[36mComment Exists? (3.0ms)[0m  [1m[34mSELECT 1 AS one FROM "comments" WHERE "comments"."post_id" = $1 LIMIT $2[0m  [["post_id", 9], ["LIMIT", 1]]
  ↳ app/views/posts/_post.html.erb:47
  Rendered posts/_post.html.erb (Duration: 134.2ms | GC: 0.0ms)
  [1m[36mCACHE User Load (0.0ms)[0m  [1m[34mSELECT "users".* FROM "users" WHERE "users"."id" = $1 LIMIT $2[0m  [["id", 1], ["LIMIT", 1]]
  ↳ app/views/posts/_post.html.erb:12
  [1m[36mTag Exists? (0.5ms)[0m  [1m[34mSELECT 1 AS one FROM "tags" INNER JOIN "posts_tags" ON "tags"."id" = "posts_tags"."tag_id" WHERE "posts_tags"."post_id" = $1 LIMIT $2[0m  [["post_id", 8], ["LIMIT", 1]]
  ↳ app/views/posts/_post.html.erb:28
  [1m[36mTag Load (0.2ms)[0m  [1m[34mSELECT "tags".* FROM "tags" INNER JOIN "posts_tags" ON "tags"."id" = "posts_tags"."tag_id" WHERE "posts_tags"."post_id" = $1[0m  [["post_id", 8]]
  ↳ app/views/posts/_post.html.erb:32
  [1m[36mComment Exists? (0.2ms)[0m  [1m[34mSELECT 1 AS one FROM "comments" WHERE "comments"."post_id" = $1 LIMIT $2[0m  [["post_id", 8], ["LIMIT", 1]]
  ↳ app/views/posts/_post.html.erb:47
  Rendered posts/_post.html.erb (Duration: 8.7ms | GC: 0.0ms)
  [1m[36mCACHE User Load (0.0ms)[0m  [1m[34mSELECT "users".* FROM "users" WHERE "users"."id" = $1 LIMIT $2[0m  [["id", 1], ["LIMIT", 1]]
  ↳ app/views/posts/_post.html.erb:12
  [1m[36mTag Exists? (0.3ms)[0m  [1m[34mSELECT 1 AS one FROM "tags" INNER JOIN "posts_tags" ON "tags"."id" = "posts_tags"."tag_id" WHERE "posts_tags"."post_id" = $1 LIMIT $2[0m  [["post_id", 7], ["LIMIT", 1]]
  ↳ app/views/posts/_post.html.erb:28
  [1m[36mTag Load (0.2ms)[0m  [1m[34mSELECT "tags".* FROM "tags" INNER JOIN "posts_tags" ON "tags"."id" = "posts_tags"."tag_id" WHERE "posts_tags"."post_id" = $1[0m  [["post_id", 7]]
  ↳ app/views/posts/_post.html.erb:32
  [1m[36mComment Exists? (0.2ms)[0m  [1m[34mSELECT 1 AS one FROM "comments" WHERE "comments"."post_id" = $1 LIMIT $2[0m  [["post_id", 7], ["LIMIT", 1]]
  ↳ app/views/posts/_post.html.erb:47
  Rendered posts/_post.html.erb (Duration: 7.7ms | GC: 0.0ms)
  [1m[36mPost Count (3.8ms)[0m  [1m[34mSELECT COUNT(*) FROM "posts"[0m
  ↳ app/views/posts/index.html.erb:52
  Rendered posts/index.html.erb within layouts/application (Duration: 4135.3ms | GC: 993.0ms)
  Rendered layouts/_navbar.html.erb (Duration: 1.2ms | GC: 0.0ms)
  Rendered layout layouts/application.html.erb (Duration: 8838.5ms | GC: 994.2ms)
Completed 200 OK in 9240ms (Views: 8837.6ms | ActiveRecord: 56.5ms (15 queries, 2 cached) | GC: 994.4ms)


Started GET "/manifest.json" for ::1 at 2024-12-31 13:36:51 -0300
Processing by Rails::PwaController#manifest as JSON
  Rendering pwa/manifest.json.erb
  Rendered pwa/manifest.json.erb (Duration: 0.6ms | GC: 0.0ms)
Completed 200 OK in 11ms (Views: 8.5ms | ActiveRecord: 0.0ms (0 queries, 0 cached) | GC: 0.0ms)


Started GET "/" for ::1 at 2024-12-31 14:04:25 -0300
  [1m[36mActiveRecord::SchemaMigration Load (0.9ms)[0m  [1m[34mSELECT "schema_migrations"."version" FROM "schema_migrations" ORDER BY "schema_migrations"."version" ASC[0m
Processing by PostsController#index as HTML
  Rendering layout layouts/application.html.erb
  Rendering posts/index.html.erb within layouts/application
  [1m[36mPost Exists? (1.3ms)[0m  [1m[34mSELECT 1 AS one FROM "posts" LIMIT $1 OFFSET $2[0m  [["LIMIT", 1], ["OFFSET", 0]]
  ↳ app/views/posts/index.html.erb:39
  [1m[36mPost Load (0.3ms)[0m  [1m[34mSELECT "posts".* FROM "posts" ORDER BY "posts"."created_at" DESC LIMIT $1 OFFSET $2[0m  [["LIMIT", 3], ["OFFSET", 0]]
  ↳ app/views/posts/index.html.erb:48
  [1m[36mUser Load (1.4ms)[0m  [1m[34mSELECT "users".* FROM "users" WHERE "users"."id" = $1 LIMIT $2[0m  [["id", 1], ["LIMIT", 1]]
  ↳ app/views/posts/_post.html.erb:12
  [1m[36mTag Exists? (1.9ms)[0m  [1m[34mSELECT 1 AS one FROM "tags" INNER JOIN "posts_tags" ON "tags"."id" = "posts_tags"."tag_id" WHERE "posts_tags"."post_id" = $1 LIMIT $2[0m  [["post_id", 9], ["LIMIT", 1]]
  ↳ app/views/posts/_post.html.erb:28
  [1m[36mTag Load (0.3ms)[0m  [1m[34mSELECT "tags".* FROM "tags" INNER JOIN "posts_tags" ON "tags"."id" = "posts_tags"."tag_id" WHERE "posts_tags"."post_id" = $1[0m  [["post_id", 9]]
  ↳ app/views/posts/_post.html.erb:32
  [1m[36mComment Exists? (1.3ms)[0m  [1m[34mSELECT 1 AS one FROM "comments" WHERE "comments"."post_id" = $1 LIMIT $2[0m  [["post_id", 9], ["LIMIT", 1]]
  ↳ app/views/posts/_post.html.erb:47
  Rendered posts/_post.html.erb (Duration: 54.2ms | GC: 0.0ms)
  [1m[36mCACHE User Load (0.0ms)[0m  [1m[34mSELECT "users".* FROM "users" WHERE "users"."id" = $1 LIMIT $2[0m  [["id", 1], ["LIMIT", 1]]
  ↳ app/views/posts/_post.html.erb:12
  [1m[36mTag Exists? (0.6ms)[0m  [1m[34mSELECT 1 AS one FROM "tags" INNER JOIN "posts_tags" ON "tags"."id" = "posts_tags"."tag_id" WHERE "posts_tags"."post_id" = $1 LIMIT $2[0m  [["post_id", 8], ["LIMIT", 1]]
  ↳ app/views/posts/_post.html.erb:28
  [1m[36mTag Load (0.4ms)[0m  [1m[34mSELECT "tags".* FROM "tags" INNER JOIN "posts_tags" ON "tags"."id" = "posts_tags"."tag_id" WHERE "posts_tags"."post_id" = $1[0m  [["post_id", 8]]
  ↳ app/views/posts/_post.html.erb:32
  [1m[36mComment Exists? (0.6ms)[0m  [1m[34mSELECT 1 AS one FROM "comments" WHERE "comments"."post_id" = $1 LIMIT $2[0m  [["post_id", 8], ["LIMIT", 1]]
  ↳ app/views/posts/_post.html.erb:47
  Rendered posts/_post.html.erb (Duration: 11.3ms | GC: 0.0ms)
  [1m[36mCACHE User Load (0.0ms)[0m  [1m[34mSELECT "users".* FROM "users" WHERE "users"."id" = $1 LIMIT $2[0m  [["id", 1], ["LIMIT", 1]]
  ↳ app/views/posts/_post.html.erb:12
  [1m[36mTag Exists? (0.6ms)[0m  [1m[34mSELECT 1 AS one FROM "tags" INNER JOIN "posts_tags" ON "tags"."id" = "posts_tags"."tag_id" WHERE "posts_tags"."post_id" = $1 LIMIT $2[0m  [["post_id", 7], ["LIMIT", 1]]
  ↳ app/views/posts/_post.html.erb:28
  [1m[36mTag Load (0.2ms)[0m  [1m[34mSELECT "tags".* FROM "tags" INNER JOIN "posts_tags" ON "tags"."id" = "posts_tags"."tag_id" WHERE "posts_tags"."post_id" = $1[0m  [["post_id", 7]]
  ↳ app/views/posts/_post.html.erb:32
  [1m[36mComment Exists? (0.5ms)[0m  [1m[34mSELECT 1 AS one FROM "comments" WHERE "comments"."post_id" = $1 LIMIT $2[0m  [["post_id", 7], ["LIMIT", 1]]
  ↳ app/views/posts/_post.html.erb:47
  Rendered posts/_post.html.erb (Duration: 10.5ms | GC: 0.0ms)
  [1m[36mPost Count (0.5ms)[0m  [1m[34mSELECT COUNT(*) FROM "posts"[0m
  ↳ app/views/posts/index.html.erb:52
  Rendered posts/index.html.erb within layouts/application (Duration: 419.2ms | GC: 0.3ms)
  Rendered layouts/_navbar.html.erb (Duration: 1.0ms | GC: 0.0ms)
  Rendered layout layouts/application.html.erb (Duration: 586.8ms | GC: 0.5ms)
Completed 200 OK in 811ms (Views: 573.8ms | ActiveRecord: 31.4ms (15 queries, 2 cached) | GC: 0.5ms)


Started GET "/manifest.json" for ::1 at 2024-12-31 14:04:27 -0300
Processing by Rails::PwaController#manifest as JSON
  Rendering pwa/manifest.json.erb
  Rendered pwa/manifest.json.erb (Duration: 0.4ms | GC: 0.0ms)
Completed 200 OK in 6ms (Views: 2.9ms | ActiveRecord: 0.0ms (0 queries, 0 cached) | GC: 0.0ms)


Started GET "/users/sign_in" for ::1 at 2024-12-31 14:04:29 -0300
Processing by Devise::SessionsController#new as HTML
  Rendering layout layouts/application.html.erb
  Rendering devise/sessions/new.html.erb within layouts/application
  Rendered devise/sessions/new.html.erb within layouts/application (Duration: 63.8ms | GC: 0.0ms)
  Rendered layouts/_navbar.html.erb (Duration: 0.5ms | GC: 0.0ms)
  Rendered layout layouts/application.html.erb (Duration: 125.2ms | GC: 0.5ms)
Completed 200 OK in 142ms (Views: 133.4ms | ActiveRecord: 0.0ms (0 queries, 0 cached) | GC: 0.5ms)


Started GET "/manifest.json" for ::1 at 2024-12-31 14:04:30 -0300
Processing by Rails::PwaController#manifest as JSON
  Rendering pwa/manifest.json.erb
  Rendered pwa/manifest.json.erb (Duration: 0.1ms | GC: 0.0ms)
Completed 200 OK in 2ms (Views: 0.3ms | ActiveRecord: 0.0ms (0 queries, 0 cached) | GC: 0.0ms)


Started POST "/users/sign_in" for ::1 at 2024-12-31 14:04:38 -0300
Processing by Devise::SessionsController#create as HTML
  Parameters: {"authenticity_token"=>"[FILTERED]", "user"=>{"email"=>"[FILTERED]", "password"=>"[FILTERED]", "remember_me"=>"0"}, "commit"=>"Entrar"}
  [1m[36mUser Load (1.6ms)[0m  [1m[34mSELECT "users".* FROM "users" WHERE "users"."email" = $1 ORDER BY "users"."id" ASC LIMIT $2[0m  [["email", "[FILTERED]"], ["LIMIT", 1]]
Redirected to http://localhost:3000/
Completed 303 See Other in 274ms (ActiveRecord: 1.5ms (1 query, 0 cached) | GC: 0.0ms)


Started GET "/" for ::1 at 2024-12-31 14:04:38 -0300
Processing by PostsController#index as HTML
  Rendering layout layouts/application.html.erb
  Rendering posts/index.html.erb within layouts/application
  [1m[36mPost Exists? (0.4ms)[0m  [1m[34mSELECT 1 AS one FROM "posts" LIMIT $1 OFFSET $2[0m  [["LIMIT", 1], ["OFFSET", 0]]
  ↳ app/views/posts/index.html.erb:39
  [1m[36mPost Load (0.2ms)[0m  [1m[34mSELECT "posts".* FROM "posts" ORDER BY "posts"."created_at" DESC LIMIT $1 OFFSET $2[0m  [["LIMIT", 3], ["OFFSET", 0]]
  ↳ app/views/posts/index.html.erb:48
  [1m[36mUser Load (0.2ms)[0m  [1m[34mSELECT "users".* FROM "users" WHERE "users"."id" = $1 ORDER BY "users"."id" ASC LIMIT $2[0m  [["id", 1], ["LIMIT", 1]]
  ↳ app/views/posts/_post.html.erb:12
  [1m[36mUser Load (0.1ms)[0m  [1m[34mSELECT "users".* FROM "users" WHERE "users"."id" = $1 LIMIT $2[0m  [["id", 1], ["LIMIT", 1]]
  ↳ app/views/posts/_post.html.erb:12
  [1m[36mTag Exists? (0.3ms)[0m  [1m[34mSELECT 1 AS one FROM "tags" INNER JOIN "posts_tags" ON "tags"."id" = "posts_tags"."tag_id" WHERE "posts_tags"."post_id" = $1 LIMIT $2[0m  [["post_id", 9], ["LIMIT", 1]]
  ↳ app/views/posts/_post.html.erb:28
  [1m[36mTag Load (0.2ms)[0m  [1m[34mSELECT "tags".* FROM "tags" INNER JOIN "posts_tags" ON "tags"."id" = "posts_tags"."tag_id" WHERE "posts_tags"."post_id" = $1[0m  [["post_id", 9]]
  ↳ app/views/posts/_post.html.erb:32
  [1m[36mComment Exists? (0.2ms)[0m  [1m[34mSELECT 1 AS one FROM "comments" WHERE "comments"."post_id" = $1 LIMIT $2[0m  [["post_id", 9], ["LIMIT", 1]]
  ↳ app/views/posts/_post.html.erb:47
  Rendered posts/_post.html.erb (Duration: 11.4ms | GC: 0.0ms)
  [1m[36mCACHE User Load (0.0ms)[0m  [1m[34mSELECT "users".* FROM "users" WHERE "users"."id" = $1 LIMIT $2[0m  [["id", 1], ["LIMIT", 1]]
  ↳ app/views/posts/_post.html.erb:12
  [1m[36mTag Exists? (0.7ms)[0m  [1m[34mSELECT 1 AS one FROM "tags" INNER JOIN "posts_tags" ON "tags"."id" = "posts_tags"."tag_id" WHERE "posts_tags"."post_id" = $1 LIMIT $2[0m  [["post_id", 8], ["LIMIT", 1]]
  ↳ app/views/posts/_post.html.erb:28
  [1m[36mTag Load (0.3ms)[0m  [1m[34mSELECT "tags".* FROM "tags" INNER JOIN "posts_tags" ON "tags"."id" = "posts_tags"."tag_id" WHERE "posts_tags"."post_id" = $1[0m  [["post_id", 8]]
  ↳ app/views/posts/_post.html.erb:32
  [1m[36mComment Exists? (0.3ms)[0m  [1m[34mSELECT 1 AS one FROM "comments" WHERE "comments"."post_id" = $1 LIMIT $2[0m  [["post_id", 8], ["LIMIT", 1]]
  ↳ app/views/posts/_post.html.erb:47
  Rendered posts/_post.html.erb (Duration: 11.3ms | GC: 0.0ms)
  [1m[36mCACHE User Load (0.0ms)[0m  [1m[34mSELECT "users".* FROM "users" WHERE "users"."id" = $1 LIMIT $2[0m  [["id", 1], ["LIMIT", 1]]
  ↳ app/views/posts/_post.html.erb:12
  [1m[36mTag Exists? (0.3ms)[0m  [1m[34mSELECT 1 AS one FROM "tags" INNER JOIN "posts_tags" ON "tags"."id" = "posts_tags"."tag_id" WHERE "posts_tags"."post_id" = $1 LIMIT $2[0m  [["post_id", 7], ["LIMIT", 1]]
  ↳ app/views/posts/_post.html.erb:28
  [1m[36mTag Load (0.4ms)[0m  [1m[34mSELECT "tags".* FROM "tags" INNER JOIN "posts_tags" ON "tags"."id" = "posts_tags"."tag_id" WHERE "posts_tags"."post_id" = $1[0m  [["post_id", 7]]
  ↳ app/views/posts/_post.html.erb:32
  [1m[36mComment Exists? (0.2ms)[0m  [1m[34mSELECT 1 AS one FROM "comments" WHERE "comments"."post_id" = $1 LIMIT $2[0m  [["post_id", 7], ["LIMIT", 1]]
  ↳ app/views/posts/_post.html.erb:47
  Rendered posts/_post.html.erb (Duration: 9.1ms | GC: 0.0ms)
  [1m[36mPost Count (0.3ms)[0m  [1m[34mSELECT COUNT(*) FROM "posts"[0m
  ↳ app/views/posts/index.html.erb:52
  Rendered posts/index.html.erb within layouts/application (Duration: 39.4ms | GC: 0.0ms)
  Rendered layouts/_navbar.html.erb (Duration: 0.6ms | GC: 0.0ms)
  Rendered layout layouts/application.html.erb (Duration: 68.3ms | GC: 0.0ms)
Completed 200 OK in 71ms (Views: 64.5ms | ActiveRecord: 4.1ms (16 queries, 2 cached) | GC: 0.0ms)


Started GET "/manifest.json" for ::1 at 2024-12-31 14:04:39 -0300
Processing by Rails::PwaController#manifest as JSON
  Rendering pwa/manifest.json.erb
  Rendered pwa/manifest.json.erb (Duration: 0.1ms | GC: 0.0ms)
Completed 200 OK in 2ms (Views: 0.3ms | ActiveRecord: 0.0ms (0 queries, 0 cached) | GC: 0.0ms)


Started GET "/posts/new" for ::1 at 2024-12-31 14:04:40 -0300
Processing by PostsController#new as HTML
  [1m[36mUser Load (0.4ms)[0m  [1m[34mSELECT "users".* FROM "users" WHERE "users"."id" = $1 ORDER BY "users"."id" ASC LIMIT $2[0m  [["id", 1], ["LIMIT", 1]]
  ↳ app/controllers/posts_controller.rb:41:in `new'
  Rendering layout layouts/application.html.erb
  Rendering posts/new.html.erb within layouts/application
  Rendered posts/_form.html.erb (Duration: 3.1ms | GC: 0.0ms)
  Rendered posts/new.html.erb within layouts/application (Duration: 4.5ms | GC: 0.0ms)
  Rendered layouts/_navbar.html.erb (Duration: 0.6ms | GC: 0.0ms)
  Rendered layout layouts/application.html.erb (Duration: 23.7ms | GC: 0.0ms)
Completed 200 OK in 30ms (Views: 24.0ms | ActiveRecord: 0.3ms (1 query, 0 cached) | GC: 0.0ms)


Started GET "/manifest.json" for ::1 at 2024-12-31 14:04:41 -0300
Processing by Rails::PwaController#manifest as JSON
  Rendering pwa/manifest.json.erb
  Rendered pwa/manifest.json.erb (Duration: 0.2ms | GC: 0.0ms)
Completed 200 OK in 3ms (Views: 0.5ms | ActiveRecord: 0.0ms (0 queries, 0 cached) | GC: 0.0ms)


Started POST "/posts" for ::1 at 2024-12-31 14:04:45 -0300
Processing by PostsController#create as HTML
  Parameters: {"authenticity_token"=>"[FILTERED]", "post"=>{"title"=>"test", "content"=>"test", "tags"=>"test"}, "commit"=>"Salvar Post"}
  [1m[36mUser Load (0.3ms)[0m  [1m[34mSELECT "users".* FROM "users" WHERE "users"."id" = $1 ORDER BY "users"."id" ASC LIMIT $2[0m  [["id", 1], ["LIMIT", 1]]
  ↳ app/controllers/posts_controller.rb:126:in `authorize_user'
Completed 500 Internal Server Error in 5ms (ActiveRecord: 0.3ms (1 query, 0 cached) | GC: 0.0ms)


  
NoMethodError (undefined method `user' for nil):
  
app/controllers/posts_controller.rb:126:in `authorize_user'
Started GET "/favicon.ico" for ::1 at 2024-12-31 14:04:46 -0300
  
ActionController::RoutingError (No route matches [GET] "/favicon.ico"):
  
Started GET "/posts/new" for ::1 at 2024-12-31 14:05:48 -0300
Processing by PostsController#new as HTML
  [1m[36mUser Load (0.2ms)[0m  [1m[34mSELECT "users".* FROM "users" WHERE "users"."id" = $1 ORDER BY "users"."id" ASC LIMIT $2[0m  [["id", 1], ["LIMIT", 1]]
  ↳ app/controllers/posts_controller.rb:41:in `new'
  Rendering layout layouts/application.html.erb
  Rendering posts/new.html.erb within layouts/application
  Rendered posts/_form.html.erb (Duration: 5.4ms | GC: 0.0ms)
  Rendered posts/new.html.erb within layouts/application (Duration: 6.8ms | GC: 0.0ms)
  Rendered layouts/_navbar.html.erb (Duration: 3.1ms | GC: 0.0ms)
  Rendered layout layouts/application.html.erb (Duration: 61.1ms | GC: 0.0ms)
Completed 200 OK in 92ms (Views: 65.8ms | ActiveRecord: 5.1ms (1 query, 0 cached) | GC: 0.2ms)


Started GET "/manifest.json" for ::1 at 2024-12-31 14:05:48 -0300
Processing by Rails::PwaController#manifest as JSON
  Rendering pwa/manifest.json.erb
  Rendered pwa/manifest.json.erb (Duration: 0.3ms | GC: 0.0ms)
Completed 200 OK in 5ms (Views: 2.6ms | ActiveRecord: 0.0ms (0 queries, 0 cached) | GC: 0.0ms)


Started POST "/posts" for ::1 at 2024-12-31 14:05:54 -0300
Processing by PostsController#create as HTML
  Parameters: {"authenticity_token"=>"[FILTERED]", "post"=>{"title"=>"test", "content"=>"test", "tags"=>"test"}, "commit"=>"Salvar Post"}
  [1m[36mUser Load (0.4ms)[0m  [1m[34mSELECT "users".* FROM "users" WHERE "users"."id" = $1 ORDER BY "users"."id" ASC LIMIT $2[0m  [["id", 1], ["LIMIT", 1]]
  ↳ app/controllers/posts_controller.rb:55:in `create'
[31mUnpermitted parameter: :tags. Context: { controller: PostsController, action: create, request: #<ActionDispatch::Request:0x0000020aa46e5ab8>, params: {"authenticity_token"=>"[FILTERED]", "post"=>{"title"=>"test", "content"=>"test", "tags"=>"test"}, "commit"=>"Salvar Post", "controller"=>"posts", "action"=>"create"} }[0m
  [1m[36mTRANSACTION (0.5ms)[0m  [1m[35mBEGIN[0m
  ↳ app/controllers/posts_controller.rb:66:in `block in create'
  [1m[36mPost Create (15.5ms)[0m  [1m[32mINSERT INTO "posts" ("title", "content", "created_at", "updated_at", "user_id") VALUES ($1, $2, $3, $4, $5) RETURNING "id"[0m  [["title", "test"], ["content", "test"], ["created_at", "2024-12-31 17:05:55.152209"], ["updated_at", "2024-12-31 17:05:55.152209"], ["user_id", 1]]
  ↳ app/controllers/posts_controller.rb:66:in `block in create'
  [1m[36mTRANSACTION (0.6ms)[0m  [1m[35mCOMMIT[0m
  ↳ app/controllers/posts_controller.rb:66:in `block in create'
  [1m[36mTag Load (0.1ms)[0m  [1m[34mSELECT "tags".* FROM "tags" WHERE "tags"."name" = $1 AND "tags"."post_id" = $2 LIMIT $3[0m  [["name", "test"], ["post_id", 10], ["LIMIT", 1]]
  ↳ app/controllers/posts_controller.rb:71:in `block (2 levels) in create'
  [1m[36mTRANSACTION (0.1ms)[0m  [1m[35mBEGIN[0m
  ↳ app/controllers/posts_controller.rb:71:in `block (2 levels) in create'
  [1m[36mTag Create (1.3ms)[0m  [1m[32mINSERT INTO "tags" ("name", "created_at", "updated_at", "post_id") VALUES ($1, $2, $3, $4) RETURNING "id"[0m  [["name", "test"], ["created_at", "2024-12-31 17:05:55.182818"], ["updated_at", "2024-12-31 17:05:55.182818"], ["post_id", 10]]
  ↳ app/controllers/posts_controller.rb:71:in `block (2 levels) in create'
  [1m[36mTRANSACTION (0.3ms)[0m  [1m[35mCOMMIT[0m
  ↳ app/controllers/posts_controller.rb:71:in `block (2 levels) in create'
  [1m[36mTag Exists? (0.3ms)[0m  [1m[34mSELECT 1 AS one FROM "tags" INNER JOIN "posts_tags" ON "tags"."id" = "posts_tags"."tag_id" WHERE "posts_tags"."post_id" = $1 AND "tags"."id" = $2 LIMIT $3[0m  [["post_id", 10], ["id", 12], ["LIMIT", 1]]
  ↳ app/controllers/posts_controller.rb:72:in `block (2 levels) in create'
  [1m[36mTRANSACTION (0.1ms)[0m  [1m[35mBEGIN[0m
  ↳ app/controllers/posts_controller.rb:72:in `block (2 levels) in create'
  [1m[36mPost::HABTM_Tags Create (0.2ms)[0m  [1m[32mINSERT INTO "posts_tags" ("post_id", "tag_id") VALUES ($1, $2)[0m  [["post_id", 10], ["tag_id", 12]]
  ↳ app/controllers/posts_controller.rb:72:in `block (2 levels) in create'
  [1m[36mTRANSACTION (0.4ms)[0m  [1m[35mCOMMIT[0m
  ↳ app/controllers/posts_controller.rb:72:in `block (2 levels) in create'
Redirected to http://localhost:3000/posts/10
Completed 302 Found in 58ms (ActiveRecord: 28.2ms (6 queries, 0 cached) | GC: 0.0ms)


Started GET "/posts/10" for ::1 at 2024-12-31 14:05:55 -0300
Processing by PostsController#show as HTML
  Parameters: {"id"=>"10"}
  [1m[36mPost Load (0.2ms)[0m  [1m[34mSELECT "posts".* FROM "posts" WHERE "posts"."id" = $1 LIMIT $2[0m  [["id", 10], ["LIMIT", 1]]
  ↳ app/controllers/posts_controller.rb:136:in `set_post'
  Rendering layout layouts/application.html.erb
  Rendering posts/show.html.erb within layouts/application
  [1m[36mUser Load (0.3ms)[0m  [1m[34mSELECT "users".* FROM "users" WHERE "users"."id" = $1 ORDER BY "users"."id" ASC LIMIT $2[0m  [["id", 1], ["LIMIT", 1]]
  ↳ app/views/posts/_post.html.erb:12
  [1m[36mUser Load (0.2ms)[0m  [1m[34mSELECT "users".* FROM "users" WHERE "users"."id" = $1 LIMIT $2[0m  [["id", 1], ["LIMIT", 1]]
  ↳ app/views/posts/_post.html.erb:12
  [1m[36mTag Exists? (0.4ms)[0m  [1m[34mSELECT 1 AS one FROM "tags" INNER JOIN "posts_tags" ON "tags"."id" = "posts_tags"."tag_id" WHERE "posts_tags"."post_id" = $1 LIMIT $2[0m  [["post_id", 10], ["LIMIT", 1]]
  ↳ app/views/posts/_post.html.erb:28
  [1m[36mTag Load (0.2ms)[0m  [1m[34mSELECT "tags".* FROM "tags" INNER JOIN "posts_tags" ON "tags"."id" = "posts_tags"."tag_id" WHERE "posts_tags"."post_id" = $1[0m  [["post_id", 10]]
  ↳ app/views/posts/_post.html.erb:32
  [1m[36mComment Exists? (0.3ms)[0m  [1m[34mSELECT 1 AS one FROM "comments" WHERE "comments"."post_id" = $1 LIMIT $2[0m  [["post_id", 10], ["LIMIT", 1]]
  ↳ app/views/posts/_post.html.erb:47
  Rendered posts/_post.html.erb (Duration: 16.4ms | GC: 0.0ms)
  Rendered posts/show.html.erb within layouts/application (Duration: 28.3ms | GC: 0.0ms)
  Rendered layouts/_navbar.html.erb (Duration: 0.6ms | GC: 0.0ms)
  Rendered layout layouts/application.html.erb (Duration: 52.1ms | GC: 0.2ms)
Completed 200 OK in 64ms (Views: 51.0ms | ActiveRecord: 3.5ms (6 queries, 0 cached) | GC: 0.2ms)


Started GET "/manifest.json" for ::1 at 2024-12-31 14:05:55 -0300
Processing by Rails::PwaController#manifest as JSON
  Rendering pwa/manifest.json.erb
  Rendered pwa/manifest.json.erb (Duration: 0.1ms | GC: 0.0ms)
Completed 200 OK in 2ms (Views: 0.3ms | ActiveRecord: 0.0ms (0 queries, 0 cached) | GC: 0.0ms)


Started GET "/" for ::1 at 2024-12-31 20:54:05 -0300
  [1m[36mActiveRecord::SchemaMigration Load (1.1ms)[0m  [1m[34mSELECT "schema_migrations"."version" FROM "schema_migrations" ORDER BY "schema_migrations"."version" ASC[0m
Processing by PostsController#index as HTML
  Rendering layout layouts/application.html.erb
  Rendering posts/index.html.erb within layouts/application
  [1m[36mPost Exists? (1.2ms)[0m  [1m[34mSELECT 1 AS one FROM "posts" LIMIT $1 OFFSET $2[0m  [["LIMIT", 1], ["OFFSET", 0]]
  ↳ app/views/posts/index.html.erb:39
  [1m[36mPost Load (0.3ms)[0m  [1m[34mSELECT "posts".* FROM "posts" ORDER BY "posts"."created_at" DESC LIMIT $1 OFFSET $2[0m  [["LIMIT", 3], ["OFFSET", 0]]
  ↳ app/views/posts/index.html.erb:48
  [1m[36mUser Load (1.5ms)[0m  [1m[34mSELECT "users".* FROM "users" WHERE "users"."id" = $1 ORDER BY "users"."id" ASC LIMIT $2[0m  [["id", 1], ["LIMIT", 1]]
  ↳ app/views/posts/_post.html.erb:12
  [1m[36mUser Load (0.2ms)[0m  [1m[34mSELECT "users".* FROM "users" WHERE "users"."id" = $1 LIMIT $2[0m  [["id", 1], ["LIMIT", 1]]
  ↳ app/views/posts/_post.html.erb:12
  [1m[36mTag Exists? (1.8ms)[0m  [1m[34mSELECT 1 AS one FROM "tags" INNER JOIN "posts_tags" ON "tags"."id" = "posts_tags"."tag_id" WHERE "posts_tags"."post_id" = $1 LIMIT $2[0m  [["post_id", 10], ["LIMIT", 1]]
  ↳ app/views/posts/_post.html.erb:28
  [1m[36mTag Load (0.2ms)[0m  [1m[34mSELECT "tags".* FROM "tags" INNER JOIN "posts_tags" ON "tags"."id" = "posts_tags"."tag_id" WHERE "posts_tags"."post_id" = $1[0m  [["post_id", 10]]
  ↳ app/views/posts/_post.html.erb:32
  [1m[36mComment Exists? (2.1ms)[0m  [1m[34mSELECT 1 AS one FROM "comments" WHERE "comments"."post_id" = $1 LIMIT $2[0m  [["post_id", 10], ["LIMIT", 1]]
  ↳ app/views/posts/_post.html.erb:47
  Rendered posts/_post.html.erb (Duration: 266.9ms | GC: 0.0ms)
  [1m[36mCACHE User Load (0.0ms)[0m  [1m[34mSELECT "users".* FROM "users" WHERE "users"."id" = $1 LIMIT $2[0m  [["id", 1], ["LIMIT", 1]]
  ↳ app/views/posts/_post.html.erb:12
  [1m[36mTag Exists? (0.5ms)[0m  [1m[34mSELECT 1 AS one FROM "tags" INNER JOIN "posts_tags" ON "tags"."id" = "posts_tags"."tag_id" WHERE "posts_tags"."post_id" = $1 LIMIT $2[0m  [["post_id", 9], ["LIMIT", 1]]
  ↳ app/views/posts/_post.html.erb:28
  [1m[36mTag Load (0.2ms)[0m  [1m[34mSELECT "tags".* FROM "tags" INNER JOIN "posts_tags" ON "tags"."id" = "posts_tags"."tag_id" WHERE "posts_tags"."post_id" = $1[0m  [["post_id", 9]]
  ↳ app/views/posts/_post.html.erb:32
  [1m[36mComment Exists? (0.3ms)[0m  [1m[34mSELECT 1 AS one FROM "comments" WHERE "comments"."post_id" = $1 LIMIT $2[0m  [["post_id", 9], ["LIMIT", 1]]
  ↳ app/views/posts/_post.html.erb:47
  Rendered posts/_post.html.erb (Duration: 10.8ms | GC: 0.0ms)
  [1m[36mCACHE User Load (0.0ms)[0m  [1m[34mSELECT "users".* FROM "users" WHERE "users"."id" = $1 LIMIT $2[0m  [["id", 1], ["LIMIT", 1]]
  ↳ app/views/posts/_post.html.erb:12
  [1m[36mTag Exists? (0.3ms)[0m  [1m[34mSELECT 1 AS one FROM "tags" INNER JOIN "posts_tags" ON "tags"."id" = "posts_tags"."tag_id" WHERE "posts_tags"."post_id" = $1 LIMIT $2[0m  [["post_id", 8], ["LIMIT", 1]]
  ↳ app/views/posts/_post.html.erb:28
  [1m[36mTag Load (0.2ms)[0m  [1m[34mSELECT "tags".* FROM "tags" INNER JOIN "posts_tags" ON "tags"."id" = "posts_tags"."tag_id" WHERE "posts_tags"."post_id" = $1[0m  [["post_id", 8]]
  ↳ app/views/posts/_post.html.erb:32
  [1m[36mComment Exists? (0.2ms)[0m  [1m[34mSELECT 1 AS one FROM "comments" WHERE "comments"."post_id" = $1 LIMIT $2[0m  [["post_id", 8], ["LIMIT", 1]]
  ↳ app/views/posts/_post.html.erb:47
  Rendered posts/_post.html.erb (Duration: 9.0ms | GC: 0.0ms)
  [1m[36mPost Count (0.7ms)[0m  [1m[34mSELECT COUNT(*) FROM "posts"[0m
  ↳ app/views/posts/index.html.erb:52
  Rendered posts/index.html.erb within layouts/application (Duration: 4071.8ms | GC: 0.2ms)
  Rendered layouts/_navbar.html.erb (Duration: 1.4ms | GC: 0.0ms)
  Rendered layout layouts/application.html.erb (Duration: 4935.7ms | GC: 0.6ms)
Completed 200 OK in 5678ms (Views: 4976.7ms | ActiveRecord: 32.4ms (16 queries, 2 cached) | GC: 0.6ms)


Started GET "/manifest.json" for ::1 at 2024-12-31 20:54:12 -0300
Processing by Rails::PwaController#manifest as JSON
  Rendering pwa/manifest.json.erb
  Rendered pwa/manifest.json.erb (Duration: 0.8ms | GC: 0.0ms)
Completed 200 OK in 12ms (Views: 9.4ms | ActiveRecord: 0.0ms (0 queries, 0 cached) | GC: 0.0ms)


Started GET "/posts/new" for ::1 at 2024-12-31 20:54:18 -0300
Processing by PostsController#new as HTML
  [1m[36mUser Load (0.4ms)[0m  [1m[34mSELECT "users".* FROM "users" WHERE "users"."id" = $1 ORDER BY "users"."id" ASC LIMIT $2[0m  [["id", 1], ["LIMIT", 1]]
  ↳ app/controllers/posts_controller.rb:41:in `new'
  Rendering layout layouts/application.html.erb
  Rendering posts/new.html.erb within layouts/application
  Rendered posts/_form.html.erb (Duration: 17.3ms | GC: 0.0ms)
  Rendered posts/new.html.erb within layouts/application (Duration: 67.1ms | GC: 0.2ms)
  Rendered layouts/_navbar.html.erb (Duration: 2.6ms | GC: 0.0ms)
  Rendered layout layouts/application.html.erb (Duration: 125.6ms | GC: 0.5ms)
Completed 200 OK in 143ms (Views: 125.9ms | ActiveRecord: 0.4ms (1 query, 0 cached) | GC: 0.5ms)


Started GET "/manifest.json" for ::1 at 2024-12-31 20:54:18 -0300
Processing by Rails::PwaController#manifest as JSON
  Rendering pwa/manifest.json.erb
  Rendered pwa/manifest.json.erb (Duration: 0.1ms | GC: 0.0ms)
Completed 200 OK in 2ms (Views: 0.3ms | ActiveRecord: 0.0ms (0 queries, 0 cached) | GC: 0.0ms)


Started POST "/uploads" for ::1 at 2024-12-31 20:54:22 -0300
Processing by UploadsController#process_upload as HTML
  Parameters: {"authenticity_token"=>"[FILTERED]", "resource_type"=>"posts", "file"=>#<ActionDispatch::Http::UploadedFile:0x000001f6f8a79428 @tempfile=#<Tempfile:C:/Users/felipe/AppData/Local/Temp/RackMultipart20241231-16192-f130tk.txt>, @content_type="text/plain", @original_filename="rediskick.txt", @headers="Content-Disposition: form-data; name=\"file\"; filename=\"rediskick.txt\"\r\nContent-Type: text/plain\r\n">, "commit"=>"Enviar Arquivo"}
  [1m[36mUser Load (0.4ms)[0m  [1m[34mSELECT "users".* FROM "users" WHERE "users"."id" = $1 ORDER BY "users"."id" ASC LIMIT $2[0m  [["id", 1], ["LIMIT", 1]]
[ActiveJob] Enqueued UploadProcessorJob (Job ID: 29556b16-6049-490a-9a5c-c412036425cd) to Sidekiq(default) with arguments: "C:/Users/felipe/Desktop/rails_maino/BlogApp-Rails/tmp/rediskick.txt", "posts", 1
[ActiveJob] ↳ app/controllers/uploads_controller.rb:16:in `process_upload'
Completed 202 Accepted in 233ms (Views: 0.2ms | ActiveRecord: 0.4ms (1 query, 0 cached) | GC: 0.0ms)


[ActiveJob] [UploadProcessorJob] [29556b16-6049-490a-9a5c-c412036425cd] Performing UploadProcessorJob (Job ID: 29556b16-6049-490a-9a5c-c412036425cd) from Sidekiq(default) enqueued at 2024-12-31T23:54:23.198902200Z with arguments: "C:/Users/felipe/Desktop/rails_maino/BlogApp-Rails/tmp/rediskick.txt", "posts", 1
[ActiveJob] [UploadProcessorJob] [29556b16-6049-490a-9a5c-c412036425cd]   [1m[36mUser Load (1.0ms)[0m  [1m[34mSELECT "users".* FROM "users" WHERE "users"."id" = $1 LIMIT $2[0m  [["id", 1], ["LIMIT", 1]]
[ActiveJob] [UploadProcessorJob] [29556b16-6049-490a-9a5c-c412036425cd]   ↳ app/jobs/upload_processor_job.rb:6:in `perform'
[ActiveJob] [UploadProcessorJob] [29556b16-6049-490a-9a5c-c412036425cd] Tentando abrir o arquivo: C:/Users/felipe/Desktop/rails_maino/BlogApp-Rails/tmp/rediskick.txt
[ActiveJob] [UploadProcessorJob] [29556b16-6049-490a-9a5c-c412036425cd] Arquivo encontrado, processando...
[ActiveJob] [UploadProcessorJob] [29556b16-6049-490a-9a5c-c412036425cd]   [1m[36mTRANSACTION (0.1ms)[0m  [1m[35mBEGIN[0m
[ActiveJob] [UploadProcessorJob] [29556b16-6049-490a-9a5c-c412036425cd]   ↳ app/jobs/upload_processor_job.rb:23:in `block (2 levels) in perform'
[ActiveJob] [UploadProcessorJob] [29556b16-6049-490a-9a5c-c412036425cd]   [1m[36mPost Create (1.0ms)[0m  [1m[32mINSERT INTO "posts" ("title", "content", "created_at", "updated_at", "user_id") VALUES ($1, $2, $3, $4, $5) RETURNING "id"[0m  [["title", "Título do Post"], ["content", "Este é o conteúdo do post"], ["created_at", "2024-12-31 23:54:23.679920"], ["updated_at", "2024-12-31 23:54:23.679920"], ["user_id", 1]]
[ActiveJob] [UploadProcessorJob] [29556b16-6049-490a-9a5c-c412036425cd]   ↳ app/jobs/upload_processor_job.rb:23:in `block (2 levels) in perform'
[ActiveJob] [UploadProcessorJob] [29556b16-6049-490a-9a5c-c412036425cd]   [1m[36mTag Create (0.7ms)[0m  [1m[32mINSERT INTO "tags" ("name", "created_at", "updated_at", "post_id") VALUES ($1, $2, $3, $4) RETURNING "id"[0m  [["name", "tag1"], ["created_at", "2024-12-31 23:54:23.711781"], ["updated_at", "2024-12-31 23:54:23.711781"], ["post_id", nil]]
[ActiveJob] [UploadProcessorJob] [29556b16-6049-490a-9a5c-c412036425cd]   ↳ app/jobs/upload_processor_job.rb:25:in `block (3 levels) in perform'
[ActiveJob] [UploadProcessorJob] [29556b16-6049-490a-9a5c-c412036425cd]   [1m[36mPost::HABTM_Tags Create (0.6ms)[0m  [1m[32mINSERT INTO "posts_tags" ("post_id", "tag_id") VALUES ($1, $2)[0m  [["post_id", 11], ["tag_id", 13]]
[ActiveJob] [UploadProcessorJob] [29556b16-6049-490a-9a5c-c412036425cd]   ↳ app/jobs/upload_processor_job.rb:25:in `block (3 levels) in perform'
[ActiveJob] [UploadProcessorJob] [29556b16-6049-490a-9a5c-c412036425cd]   [1m[36mTag Create (0.3ms)[0m  [1m[32mINSERT INTO "tags" ("name", "created_at", "updated_at", "post_id") VALUES ($1, $2, $3, $4) RETURNING "id"[0m  [["name", "tag2"], ["created_at", "2024-12-31 23:54:23.721215"], ["updated_at", "2024-12-31 23:54:23.721215"], ["post_id", nil]]
[ActiveJob] [UploadProcessorJob] [29556b16-6049-490a-9a5c-c412036425cd]   ↳ app/jobs/upload_processor_job.rb:25:in `block (3 levels) in perform'
[ActiveJob] [UploadProcessorJob] [29556b16-6049-490a-9a5c-c412036425cd]   [1m[36mPost::HABTM_Tags Create (0.2ms)[0m  [1m[32mINSERT INTO "posts_tags" ("post_id", "tag_id") VALUES ($1, $2)[0m  [["post_id", 11], ["tag_id", 14]]
[ActiveJob] [UploadProcessorJob] [29556b16-6049-490a-9a5c-c412036425cd]   ↳ app/jobs/upload_processor_job.rb:25:in `block (3 levels) in perform'
[ActiveJob] [UploadProcessorJob] [29556b16-6049-490a-9a5c-c412036425cd]   [1m[36mTag Create (0.2ms)[0m  [1m[32mINSERT INTO "tags" ("name", "created_at", "updated_at", "post_id") VALUES ($1, $2, $3, $4) RETURNING "id"[0m  [["name", "tag3"], ["created_at", "2024-12-31 23:54:23.727996"], ["updated_at", "2024-12-31 23:54:23.727996"], ["post_id", nil]]
[ActiveJob] [UploadProcessorJob] [29556b16-6049-490a-9a5c-c412036425cd]   ↳ app/jobs/upload_processor_job.rb:25:in `block (3 levels) in perform'
[ActiveJob] [UploadProcessorJob] [29556b16-6049-490a-9a5c-c412036425cd]   [1m[36mPost::HABTM_Tags Create (0.1ms)[0m  [1m[32mINSERT INTO "posts_tags" ("post_id", "tag_id") VALUES ($1, $2)[0m  [["post_id", 11], ["tag_id", 15]]
[ActiveJob] [UploadProcessorJob] [29556b16-6049-490a-9a5c-c412036425cd]   ↳ app/jobs/upload_processor_job.rb:25:in `block (3 levels) in perform'
[ActiveJob] [UploadProcessorJob] [29556b16-6049-490a-9a5c-c412036425cd]   [1m[36mTRANSACTION (0.9ms)[0m  [1m[35mCOMMIT[0m
[ActiveJob] [UploadProcessorJob] [29556b16-6049-490a-9a5c-c412036425cd]   ↳ app/jobs/upload_processor_job.rb:21:in `block in perform'
[ActiveJob] [UploadProcessorJob] [29556b16-6049-490a-9a5c-c412036425cd] Performed UploadProcessorJob (Job ID: 29556b16-6049-490a-9a5c-c412036425cd) from Sidekiq(default) in 228.52ms
Started GET "/" for ::1 at 2024-12-31 20:54:26 -0300
Processing by PostsController#index as HTML
  Rendering layout layouts/application.html.erb
  Rendering posts/index.html.erb within layouts/application
  [1m[36mPost Exists? (0.4ms)[0m  [1m[34mSELECT 1 AS one FROM "posts" LIMIT $1 OFFSET $2[0m  [["LIMIT", 1], ["OFFSET", 0]]
  ↳ app/views/posts/index.html.erb:39
  [1m[36mPost Load (0.2ms)[0m  [1m[34mSELECT "posts".* FROM "posts" ORDER BY "posts"."created_at" DESC LIMIT $1 OFFSET $2[0m  [["LIMIT", 3], ["OFFSET", 0]]
  ↳ app/views/posts/index.html.erb:48
  [1m[36mUser Load (0.2ms)[0m  [1m[34mSELECT "users".* FROM "users" WHERE "users"."id" = $1 ORDER BY "users"."id" ASC LIMIT $2[0m  [["id", 1], ["LIMIT", 1]]
  ↳ app/views/posts/_post.html.erb:12
  [1m[36mUser Load (0.2ms)[0m  [1m[34mSELECT "users".* FROM "users" WHERE "users"."id" = $1 LIMIT $2[0m  [["id", 1], ["LIMIT", 1]]
  ↳ app/views/posts/_post.html.erb:12
  [1m[36mTag Exists? (0.3ms)[0m  [1m[34mSELECT 1 AS one FROM "tags" INNER JOIN "posts_tags" ON "tags"."id" = "posts_tags"."tag_id" WHERE "posts_tags"."post_id" = $1 LIMIT $2[0m  [["post_id", 11], ["LIMIT", 1]]
  ↳ app/views/posts/_post.html.erb:28
  [1m[36mTag Load (0.2ms)[0m  [1m[34mSELECT "tags".* FROM "tags" INNER JOIN "posts_tags" ON "tags"."id" = "posts_tags"."tag_id" WHERE "posts_tags"."post_id" = $1[0m  [["post_id", 11]]
  ↳ app/views/posts/_post.html.erb:32
  [1m[36mComment Exists? (0.2ms)[0m  [1m[34mSELECT 1 AS one FROM "comments" WHERE "comments"."post_id" = $1 LIMIT $2[0m  [["post_id", 11], ["LIMIT", 1]]
  ↳ app/views/posts/_post.html.erb:47
  Rendered posts/_post.html.erb (Duration: 11.9ms | GC: 0.0ms)
  [1m[36mCACHE User Load (0.0ms)[0m  [1m[34mSELECT "users".* FROM "users" WHERE "users"."id" = $1 LIMIT $2[0m  [["id", 1], ["LIMIT", 1]]
  ↳ app/views/posts/_post.html.erb:12
  [1m[36mTag Exists? (0.4ms)[0m  [1m[34mSELECT 1 AS one FROM "tags" INNER JOIN "posts_tags" ON "tags"."id" = "posts_tags"."tag_id" WHERE "posts_tags"."post_id" = $1 LIMIT $2[0m  [["post_id", 10], ["LIMIT", 1]]
  ↳ app/views/posts/_post.html.erb:28
  [1m[36mTag Load (0.2ms)[0m  [1m[34mSELECT "tags".* FROM "tags" INNER JOIN "posts_tags" ON "tags"."id" = "posts_tags"."tag_id" WHERE "posts_tags"."post_id" = $1[0m  [["post_id", 10]]
  ↳ app/views/posts/_post.html.erb:32
  [1m[36mComment Exists? (0.4ms)[0m  [1m[34mSELECT 1 AS one FROM "comments" WHERE "comments"."post_id" = $1 LIMIT $2[0m  [["post_id", 10], ["LIMIT", 1]]
  ↳ app/views/posts/_post.html.erb:47
  Rendered posts/_post.html.erb (Duration: 10.2ms | GC: 0.0ms)
  [1m[36mCACHE User Load (0.0ms)[0m  [1m[34mSELECT "users".* FROM "users" WHERE "users"."id" = $1 LIMIT $2[0m  [["id", 1], ["LIMIT", 1]]
  ↳ app/views/posts/_post.html.erb:12
  [1m[36mTag Exists? (0.6ms)[0m  [1m[34mSELECT 1 AS one FROM "tags" INNER JOIN "posts_tags" ON "tags"."id" = "posts_tags"."tag_id" WHERE "posts_tags"."post_id" = $1 LIMIT $2[0m  [["post_id", 9], ["LIMIT", 1]]
  ↳ app/views/posts/_post.html.erb:28
  [1m[36mTag Load (0.2ms)[0m  [1m[34mSELECT "tags".* FROM "tags" INNER JOIN "posts_tags" ON "tags"."id" = "posts_tags"."tag_id" WHERE "posts_tags"."post_id" = $1[0m  [["post_id", 9]]
  ↳ app/views/posts/_post.html.erb:32
  [1m[36mComment Exists? (0.2ms)[0m  [1m[34mSELECT 1 AS one FROM "comments" WHERE "comments"."post_id" = $1 LIMIT $2[0m  [["post_id", 9], ["LIMIT", 1]]
  ↳ app/views/posts/_post.html.erb:47
  Rendered posts/_post.html.erb (Duration: 19.2ms | GC: 0.2ms)
  [1m[36mPost Count (0.2ms)[0m  [1m[34mSELECT COUNT(*) FROM "posts"[0m
  ↳ app/views/posts/index.html.erb:52
  Rendered posts/index.html.erb within layouts/application (Duration: 48.8ms | GC: 0.2ms)
  Rendered layouts/_navbar.html.erb (Duration: 0.7ms | GC: 0.0ms)
  Rendered layout layouts/application.html.erb (Duration: 68.8ms | GC: 0.2ms)
Completed 200 OK in 72ms (Views: 65.3ms | ActiveRecord: 3.8ms (16 queries, 2 cached) | GC: 0.2ms)


Started GET "/manifest.json" for ::1 at 2024-12-31 20:54:26 -0300
Processing by Rails::PwaController#manifest as JSON
  Rendering pwa/manifest.json.erb
  Rendered pwa/manifest.json.erb (Duration: 0.1ms | GC: 0.0ms)
Completed 200 OK in 2ms (Views: 0.3ms | ActiveRecord: 0.0ms (0 queries, 0 cached) | GC: 0.0ms)


